[debug] [2025-08-04T10:21:16.935Z] ----------------------------------------------------------------------
[debug] [2025-08-04T10:21:16.942Z] Command:       C:\nvm4w\nodejs\node.exe C:\nvm4w\nodejs\node_modules\firebase-tools\lib\bin\firebase.js emulators:start --only functions --project circle-26a87
[debug] [2025-08-04T10:21:16.945Z] CLI Version:   14.11.2
[debug] [2025-08-04T10:21:16.945Z] Platform:      win32
[debug] [2025-08-04T10:21:16.945Z] Node Version:  v22.17.0
[debug] [2025-08-04T10:21:16.948Z] Time:          Mon Aug 04 2025 13:21:16 GMT+0300 (Eastern European Summer Time)
[debug] [2025-08-04T10:21:16.948Z] ----------------------------------------------------------------------
[debug] 
[debug] [2025-08-04T10:21:17.557Z] > command requires scopes: ["email","openid","https://www.googleapis.com/auth/cloudplatformprojects.readonly","https://www.googleapis.com/auth/firebase","https://www.googleapis.com/auth/cloud-platform"]
[debug] [2025-08-04T10:21:17.558Z] > authorizing via signed-in user (ahmedgamal5565@gmail.com)
[info] i  emulators: Starting emulators: functions {"metadata":{"emulator":{"name":"hub"},"message":"Starting emulators: functions"}}
[warn] !  logging: Logging Emulator unable to start on port 4500, starting on 4501 instead. {"metadata":{"emulator":{"name":"logging"},"message":"Logging Emulator unable to start on port 4500, starting on 4501 instead."}}
[debug] [2025-08-04T10:21:17.679Z] [logging] Logging Emulator only supports listening on one address (127.0.0.1). Not listening on ::1
[debug] [2025-08-04T10:21:17.679Z] assigned listening specs for emulators {"user":{"hub":[{"address":"127.0.0.1","family":"IPv4","port":4400},{"address":"::1","family":"IPv6","port":4400}],"ui":[{"address":"127.0.0.1","family":"IPv4","port":4000},{"address":"::1","family":"IPv6","port":4000}],"logging":[{"address":"127.0.0.1","family":"IPv4","port":4501}]},"metadata":{"message":"assigned listening specs for emulators"}}
[debug] [2025-08-04T10:21:17.687Z] [hub] writing locator at C:\Users\Ahmed\AppData\Local\Temp\hub-circle-26a87.json
[debug] [2025-08-04T10:21:17.905Z] [functions] Functions Emulator only supports listening on one address (127.0.0.1). Not listening on ::1
[debug] [2025-08-04T10:21:17.906Z] [eventarc] Eventarc Emulator only supports listening on one address (127.0.0.1). Not listening on ::1
[debug] [2025-08-04T10:21:17.906Z] [tasks] Cloud Tasks Emulator only supports listening on one address (127.0.0.1). Not listening on ::1
[debug] [2025-08-04T10:21:17.906Z] late-assigned ports for functions and eventarc emulators {"user":{"hub":[{"address":"127.0.0.1","family":"IPv4","port":4400},{"address":"::1","family":"IPv6","port":4400}],"ui":[{"address":"127.0.0.1","family":"IPv4","port":4000},{"address":"::1","family":"IPv6","port":4000}],"logging":[{"address":"127.0.0.1","family":"IPv4","port":4501}],"functions":[{"address":"127.0.0.1","family":"IPv4","port":5001}],"eventarc":[{"address":"127.0.0.1","family":"IPv4","port":9299}],"tasks":[{"address":"127.0.0.1","family":"IPv4","port":9499}]},"metadata":{"message":"late-assigned ports for functions and eventarc emulators"}}
[warn] !  functions: The following emulators are not running, calls to these services from the Functions emulator will affect production: apphosting, auth, firestore, database, hosting, pubsub, storage, dataconnect {"metadata":{"emulator":{"name":"functions"},"message":"The following emulators are not running, calls to these services from the Functions emulator will affect production: \u001b[1mapphosting, auth, firestore, database, hosting, pubsub, storage, dataconnect\u001b[22m"}}
[debug] [2025-08-04T10:21:18.001Z] defaultcredentials: writing to file C:\Users\Ahmed\AppData\Roaming\firebase\ahmedgamal5565_gmail_com_application_default_credentials.json
[debug] [2025-08-04T10:21:18.016Z] Setting GAC to C:\Users\Ahmed\AppData\Roaming\firebase\ahmedgamal5565_gmail_com_application_default_credentials.json {"metadata":{"emulator":{"name":"functions"},"message":"Setting GAC to C:\\Users\\Ahmed\\AppData\\Roaming\\firebase\\ahmedgamal5565_gmail_com_application_default_credentials.json"}}
[debug] [2025-08-04T10:21:18.019Z] Checked if tokens are valid: true, expires at: 1754306217395
[debug] [2025-08-04T10:21:18.019Z] Checked if tokens are valid: true, expires at: 1754306217395
[debug] [2025-08-04T10:21:18.024Z] >>> [apiv2][query] GET https://firebase.googleapis.com/v1beta1/projects/circle-26a87/adminSdkConfig [none]
[debug] [2025-08-04T10:21:19.225Z] <<< [apiv2][status] GET https://firebase.googleapis.com/v1beta1/projects/circle-26a87/adminSdkConfig 200
[debug] [2025-08-04T10:21:19.225Z] <<< [apiv2][body] GET https://firebase.googleapis.com/v1beta1/projects/circle-26a87/adminSdkConfig {"projectId":"circle-26a87","storageBucket":"circle-26a87.firebasestorage.app"}
[info] i  ui: downloading ui-v1.15.0.zip... {"metadata":{"emulator":{"name":"ui"},"message":"downloading ui-v1.15.0.zip..."}}
[debug] [2025-08-04T10:21:19.489Z] >>> [apiv2][query] GET https://storage.googleapis.com/firebase-preview-drop/emulator/ui-v1.15.0.zip 
[debug] [2025-08-04T10:21:19.925Z] <<< [apiv2][status] GET https://storage.googleapis.com/firebase-preview-drop/emulator/ui-v1.15.0.zip 200
[debug] [2025-08-04T10:21:19.925Z] <<< [apiv2][body] GET https://storage.googleapis.com/firebase-preview-drop/emulator/ui-v1.15.0.zip [stream]
[debug] [2025-08-04T10:22:23.572Z] Data is 3538469
[debug] [2025-08-04T10:22:23.573Z] [unzip] Entry: client/ (compressed_size=0 bytes, uncompressed_size=0 bytes)
[debug] [2025-08-04T10:22:23.573Z] [unzip] Processing entry: client\
[debug] [2025-08-04T10:22:23.573Z] [unzip] mkdir: C:\Users\Ahmed\.cache\firebase\emulators\ui-v1.15.0\client\
[debug] [2025-08-04T10:22:23.575Z] [unzip] Entry: client/favicon-16x16.png (compressed_size=293 bytes, uncompressed_size=293 bytes)
[debug] [2025-08-04T10:22:23.575Z] [unzip] Processing entry: client\favicon-16x16.png
[debug] [2025-08-04T10:22:23.576Z] [unzip] else mkdir: C:\Users\Ahmed\.cache\firebase\emulators\ui-v1.15.0\client
[debug] [2025-08-04T10:22:23.576Z] [unzip] Writing file: C:\Users\Ahmed\.cache\firebase\emulators\ui-v1.15.0\client\favicon-16x16.png
[debug] [2025-08-04T10:22:23.579Z] [unzip] Entry: client/safari-pinned-tab.svg (compressed_size=1433 bytes, uncompressed_size=2611 bytes)
[debug] [2025-08-04T10:22:23.579Z] [unzip] Processing entry: client\safari-pinned-tab.svg
[debug] [2025-08-04T10:22:23.579Z] [unzip] else mkdir: C:\Users\Ahmed\.cache\firebase\emulators\ui-v1.15.0\client
[debug] [2025-08-04T10:22:23.581Z] [unzip] deflating: C:\Users\Ahmed\.cache\firebase\emulators\ui-v1.15.0\client\safari-pinned-tab.svg
[debug] [2025-08-04T10:22:23.595Z] [unzip] Entry: client/favicon.ico (compressed_size=2933 bytes, uncompressed_size=13294 bytes)
[debug] [2025-08-04T10:22:23.595Z] [unzip] Processing entry: client\favicon.ico
[debug] [2025-08-04T10:22:23.595Z] [unzip] else mkdir: C:\Users\Ahmed\.cache\firebase\emulators\ui-v1.15.0\client
[debug] [2025-08-04T10:22:23.596Z] [unzip] deflating: C:\Users\Ahmed\.cache\firebase\emulators\ui-v1.15.0\client\favicon.ico
[debug] [2025-08-04T10:22:23.603Z] [unzip] Entry: client/index.html (compressed_size=1364 bytes, uncompressed_size=3071 bytes)
[debug] [2025-08-04T10:22:23.603Z] [unzip] Processing entry: client\index.html
[debug] [2025-08-04T10:22:23.603Z] [unzip] else mkdir: C:\Users\Ahmed\.cache\firebase\emulators\ui-v1.15.0\client
[debug] [2025-08-04T10:22:23.603Z] [unzip] deflating: C:\Users\Ahmed\.cache\firebase\emulators\ui-v1.15.0\client\index.html
[debug] [2025-08-04T10:22:23.615Z] [unzip] Entry: client/android-chrome-192x192.png (compressed_size=2684 bytes, uncompressed_size=2684 bytes)
[debug] [2025-08-04T10:22:23.616Z] [unzip] Processing entry: client\android-chrome-192x192.png
[debug] [2025-08-04T10:22:23.616Z] [unzip] else mkdir: C:\Users\Ahmed\.cache\firebase\emulators\ui-v1.15.0\client
[debug] [2025-08-04T10:22:23.617Z] [unzip] Writing file: C:\Users\Ahmed\.cache\firebase\emulators\ui-v1.15.0\client\android-chrome-192x192.png
[debug] [2025-08-04T10:22:23.620Z] [unzip] Entry: client/apple-touch-icon.png (compressed_size=2123 bytes, uncompressed_size=2152 bytes)
[debug] [2025-08-04T10:22:23.620Z] [unzip] Processing entry: client\apple-touch-icon.png
[debug] [2025-08-04T10:22:23.620Z] [unzip] else mkdir: C:\Users\Ahmed\.cache\firebase\emulators\ui-v1.15.0\client
[debug] [2025-08-04T10:22:23.620Z] [unzip] deflating: C:\Users\Ahmed\.cache\firebase\emulators\ui-v1.15.0\client\apple-touch-icon.png
[debug] [2025-08-04T10:22:23.626Z] [unzip] Entry: client/android-chrome-512x512.png (compressed_size=5369 bytes, uncompressed_size=5411 bytes)
[debug] [2025-08-04T10:22:23.627Z] [unzip] Processing entry: client\android-chrome-512x512.png
[debug] [2025-08-04T10:22:23.627Z] [unzip] else mkdir: C:\Users\Ahmed\.cache\firebase\emulators\ui-v1.15.0\client
[debug] [2025-08-04T10:22:23.627Z] [unzip] deflating: C:\Users\Ahmed\.cache\firebase\emulators\ui-v1.15.0\client\android-chrome-512x512.png
[debug] [2025-08-04T10:22:23.632Z] [unzip] Entry: client/manifest.json (compressed_size=245 bytes, uncompressed_size=551 bytes)
[debug] [2025-08-04T10:22:23.632Z] [unzip] Processing entry: client\manifest.json
[debug] [2025-08-04T10:22:23.632Z] [unzip] else mkdir: C:\Users\Ahmed\.cache\firebase\emulators\ui-v1.15.0\client
[debug] [2025-08-04T10:22:23.633Z] [unzip] deflating: C:\Users\Ahmed\.cache\firebase\emulators\ui-v1.15.0\client\manifest.json
[debug] [2025-08-04T10:22:23.638Z] [unzip] Entry: client/robots.txt (compressed_size=26 bytes, uncompressed_size=26 bytes)
[debug] [2025-08-04T10:22:23.639Z] [unzip] Processing entry: client\robots.txt
[debug] [2025-08-04T10:22:23.639Z] [unzip] else mkdir: C:\Users\Ahmed\.cache\firebase\emulators\ui-v1.15.0\client
[debug] [2025-08-04T10:22:23.639Z] [unzip] Writing file: C:\Users\Ahmed\.cache\firebase\emulators\ui-v1.15.0\client\robots.txt
[debug] [2025-08-04T10:22:23.643Z] [unzip] Entry: client/mstile-150x150.png (compressed_size=2034 bytes, uncompressed_size=2034 bytes)
[debug] [2025-08-04T10:22:23.643Z] [unzip] Processing entry: client\mstile-150x150.png
[debug] [2025-08-04T10:22:23.643Z] [unzip] else mkdir: C:\Users\Ahmed\.cache\firebase\emulators\ui-v1.15.0\client
[debug] [2025-08-04T10:22:23.644Z] [unzip] Writing file: C:\Users\Ahmed\.cache\firebase\emulators\ui-v1.15.0\client\mstile-150x150.png
[debug] [2025-08-04T10:22:23.647Z] [unzip] Entry: client/assets/ (compressed_size=0 bytes, uncompressed_size=0 bytes)
[debug] [2025-08-04T10:22:23.647Z] [unzip] Processing entry: client\assets\
[debug] [2025-08-04T10:22:23.647Z] [unzip] mkdir: C:\Users\Ahmed\.cache\firebase\emulators\ui-v1.15.0\client\assets\
[debug] [2025-08-04T10:22:23.648Z] [unzip] Entry: client/assets/index-BX-A56oj.js (compressed_size=582089 bytes, uncompressed_size=2092775 bytes)
[debug] [2025-08-04T10:22:23.648Z] [unzip] Processing entry: client\assets\index-BX-A56oj.js
[debug] [2025-08-04T10:22:23.648Z] [unzip] else mkdir: C:\Users\Ahmed\.cache\firebase\emulators\ui-v1.15.0\client\assets
[debug] [2025-08-04T10:22:23.649Z] [unzip] deflating: C:\Users\Ahmed\.cache\firebase\emulators\ui-v1.15.0\client\assets\index-BX-A56oj.js
[debug] [2025-08-04T10:22:23.697Z] [unzip] Entry: client/assets/index-CjB9C900.css (compressed_size=35979 bytes, uncompressed_size=298654 bytes)
[debug] [2025-08-04T10:22:23.697Z] [unzip] Processing entry: client\assets\index-CjB9C900.css
[debug] [2025-08-04T10:22:23.697Z] [unzip] else mkdir: C:\Users\Ahmed\.cache\firebase\emulators\ui-v1.15.0\client\assets
[debug] [2025-08-04T10:22:23.698Z] [unzip] deflating: C:\Users\Ahmed\.cache\firebase\emulators\ui-v1.15.0\client\assets\index-CjB9C900.css
[debug] [2025-08-04T10:22:23.718Z] [unzip] Entry: client/assets/index-BX-A56oj.js.map (compressed_size=2362482 bytes, uncompressed_size=10036679 bytes)
[debug] [2025-08-04T10:22:23.718Z] [unzip] Processing entry: client\assets\index-BX-A56oj.js.map
[debug] [2025-08-04T10:22:23.718Z] [unzip] else mkdir: C:\Users\Ahmed\.cache\firebase\emulators\ui-v1.15.0\client\assets
[debug] [2025-08-04T10:22:23.719Z] [unzip] deflating: C:\Users\Ahmed\.cache\firebase\emulators\ui-v1.15.0\client\assets\index-BX-A56oj.js.map
[debug] [2025-08-04T10:22:23.936Z] [unzip] Entry: client/assets/extensions/ (compressed_size=0 bytes, uncompressed_size=0 bytes)
[debug] [2025-08-04T10:22:23.936Z] [unzip] Processing entry: client\assets\extensions\
[debug] [2025-08-04T10:22:23.936Z] [unzip] mkdir: C:\Users\Ahmed\.cache\firebase\emulators\ui-v1.15.0\client\assets\extensions\
[debug] [2025-08-04T10:22:23.937Z] [unzip] Entry: client/assets/extensions/default-extension.png (compressed_size=1646 bytes, uncompressed_size=1657 bytes)
[debug] [2025-08-04T10:22:23.938Z] [unzip] Processing entry: client\assets\extensions\default-extension.png
[debug] [2025-08-04T10:22:23.938Z] [unzip] else mkdir: C:\Users\Ahmed\.cache\firebase\emulators\ui-v1.15.0\client\assets\extensions
[debug] [2025-08-04T10:22:23.938Z] [unzip] deflating: C:\Users\Ahmed\.cache\firebase\emulators\ui-v1.15.0\client\assets\extensions\default-extension.png
[debug] [2025-08-04T10:22:23.945Z] [unzip] Entry: client/assets/img/ (compressed_size=0 bytes, uncompressed_size=0 bytes)
[debug] [2025-08-04T10:22:23.945Z] [unzip] Processing entry: client\assets\img\
[debug] [2025-08-04T10:22:23.946Z] [unzip] mkdir: C:\Users\Ahmed\.cache\firebase\emulators\ui-v1.15.0\client\assets\img\
[debug] [2025-08-04T10:22:23.947Z] [unzip] Entry: client/assets/img/database.png (compressed_size=29449 bytes, uncompressed_size=29988 bytes)
[debug] [2025-08-04T10:22:23.947Z] [unzip] Processing entry: client\assets\img\database.png
[debug] [2025-08-04T10:22:23.947Z] [unzip] else mkdir: C:\Users\Ahmed\.cache\firebase\emulators\ui-v1.15.0\client\assets\img
[debug] [2025-08-04T10:22:23.948Z] [unzip] deflating: C:\Users\Ahmed\.cache\firebase\emulators\ui-v1.15.0\client\assets\img\database.png
[debug] [2025-08-04T10:22:23.955Z] [unzip] Entry: client/assets/provider-icons/ (compressed_size=0 bytes, uncompressed_size=0 bytes)
[debug] [2025-08-04T10:22:23.955Z] [unzip] Processing entry: client\assets\provider-icons\
[debug] [2025-08-04T10:22:23.955Z] [unzip] mkdir: C:\Users\Ahmed\.cache\firebase\emulators\ui-v1.15.0\client\assets\provider-icons\
[debug] [2025-08-04T10:22:23.957Z] [unzip] Entry: client/assets/provider-icons/auth_service_saml.svg (compressed_size=575 bytes, uncompressed_size=1226 bytes)
[debug] [2025-08-04T10:22:23.957Z] [unzip] Processing entry: client\assets\provider-icons\auth_service_saml.svg
[debug] [2025-08-04T10:22:23.958Z] [unzip] else mkdir: C:\Users\Ahmed\.cache\firebase\emulators\ui-v1.15.0\client\assets\provider-icons
[debug] [2025-08-04T10:22:23.958Z] [unzip] deflating: C:\Users\Ahmed\.cache\firebase\emulators\ui-v1.15.0\client\assets\provider-icons\auth_service_saml.svg
[debug] [2025-08-04T10:22:23.965Z] [unzip] Entry: client/assets/provider-icons/auth_service_phone.svg (compressed_size=261 bytes, uncompressed_size=414 bytes)
[debug] [2025-08-04T10:22:23.966Z] [unzip] Processing entry: client\assets\provider-icons\auth_service_phone.svg
[debug] [2025-08-04T10:22:23.966Z] [unzip] else mkdir: C:\Users\Ahmed\.cache\firebase\emulators\ui-v1.15.0\client\assets\provider-icons
[debug] [2025-08-04T10:22:23.966Z] [unzip] deflating: C:\Users\Ahmed\.cache\firebase\emulators\ui-v1.15.0\client\assets\provider-icons\auth_service_phone.svg
[debug] [2025-08-04T10:22:23.974Z] [unzip] Entry: client/assets/provider-icons/auth_service_facebook.svg (compressed_size=289 bytes, uncompressed_size=457 bytes)
[debug] [2025-08-04T10:22:23.974Z] [unzip] Processing entry: client\assets\provider-icons\auth_service_facebook.svg
[debug] [2025-08-04T10:22:23.975Z] [unzip] else mkdir: C:\Users\Ahmed\.cache\firebase\emulators\ui-v1.15.0\client\assets\provider-icons
[debug] [2025-08-04T10:22:23.975Z] [unzip] deflating: C:\Users\Ahmed\.cache\firebase\emulators\ui-v1.15.0\client\assets\provider-icons\auth_service_facebook.svg
[debug] [2025-08-04T10:22:23.983Z] [unzip] Entry: client/assets/provider-icons/auth_service_game_center.svg (compressed_size=991 bytes, uncompressed_size=3921 bytes)
[debug] [2025-08-04T10:22:23.984Z] [unzip] Processing entry: client\assets\provider-icons\auth_service_game_center.svg
[debug] [2025-08-04T10:22:23.984Z] [unzip] else mkdir: C:\Users\Ahmed\.cache\firebase\emulators\ui-v1.15.0\client\assets\provider-icons
[debug] [2025-08-04T10:22:23.984Z] [unzip] deflating: C:\Users\Ahmed\.cache\firebase\emulators\ui-v1.15.0\client\assets\provider-icons\auth_service_game_center.svg
[debug] [2025-08-04T10:22:24.001Z] [unzip] Entry: client/assets/provider-icons/auth_service_apple.svg (compressed_size=230 bytes, uncompressed_size=334 bytes)
[debug] [2025-08-04T10:22:24.001Z] [unzip] Processing entry: client\assets\provider-icons\auth_service_apple.svg
[debug] [2025-08-04T10:22:24.001Z] [unzip] else mkdir: C:\Users\Ahmed\.cache\firebase\emulators\ui-v1.15.0\client\assets\provider-icons
[debug] [2025-08-04T10:22:24.001Z] [unzip] deflating: C:\Users\Ahmed\.cache\firebase\emulators\ui-v1.15.0\client\assets\provider-icons\auth_service_apple.svg
[debug] [2025-08-04T10:22:24.008Z] [unzip] Entry: client/assets/provider-icons/auth_service_github.svg (compressed_size=466 bytes, uncompressed_size=838 bytes)
[debug] [2025-08-04T10:22:24.008Z] [unzip] Processing entry: client\assets\provider-icons\auth_service_github.svg
[debug] [2025-08-04T10:22:24.008Z] [unzip] else mkdir: C:\Users\Ahmed\.cache\firebase\emulators\ui-v1.15.0\client\assets\provider-icons
[debug] [2025-08-04T10:22:24.008Z] [unzip] deflating: C:\Users\Ahmed\.cache\firebase\emulators\ui-v1.15.0\client\assets\provider-icons\auth_service_github.svg
[debug] [2025-08-04T10:22:24.015Z] [unzip] Entry: client/assets/provider-icons/auth_service_mslive.svg (compressed_size=203 bytes, uncompressed_size=378 bytes)
[debug] [2025-08-04T10:22:24.015Z] [unzip] Processing entry: client\assets\provider-icons\auth_service_mslive.svg
[debug] [2025-08-04T10:22:24.015Z] [unzip] else mkdir: C:\Users\Ahmed\.cache\firebase\emulators\ui-v1.15.0\client\assets\provider-icons
[debug] [2025-08-04T10:22:24.015Z] [unzip] deflating: C:\Users\Ahmed\.cache\firebase\emulators\ui-v1.15.0\client\assets\provider-icons\auth_service_mslive.svg
[debug] [2025-08-04T10:22:24.022Z] [unzip] Entry: client/assets/provider-icons/auth_service_yahoo.svg (compressed_size=577 bytes, uncompressed_size=1182 bytes)
[debug] [2025-08-04T10:22:24.022Z] [unzip] Processing entry: client\assets\provider-icons\auth_service_yahoo.svg
[debug] [2025-08-04T10:22:24.022Z] [unzip] else mkdir: C:\Users\Ahmed\.cache\firebase\emulators\ui-v1.15.0\client\assets\provider-icons
[debug] [2025-08-04T10:22:24.023Z] [unzip] deflating: C:\Users\Ahmed\.cache\firebase\emulators\ui-v1.15.0\client\assets\provider-icons\auth_service_yahoo.svg
[debug] [2025-08-04T10:22:24.030Z] [unzip] Entry: client/assets/provider-icons/auth_service_twitter.svg (compressed_size=444 bytes, uncompressed_size=751 bytes)
[debug] [2025-08-04T10:22:24.030Z] [unzip] Processing entry: client\assets\provider-icons\auth_service_twitter.svg
[debug] [2025-08-04T10:22:24.030Z] [unzip] else mkdir: C:\Users\Ahmed\.cache\firebase\emulators\ui-v1.15.0\client\assets\provider-icons
[debug] [2025-08-04T10:22:24.031Z] [unzip] deflating: C:\Users\Ahmed\.cache\firebase\emulators\ui-v1.15.0\client\assets\provider-icons\auth_service_twitter.svg
[debug] [2025-08-04T10:22:24.037Z] [unzip] Entry: client/assets/provider-icons/auth_service_play_games.svg (compressed_size=565 bytes, uncompressed_size=1173 bytes)
[debug] [2025-08-04T10:22:24.037Z] [unzip] Processing entry: client\assets\provider-icons\auth_service_play_games.svg
[debug] [2025-08-04T10:22:24.037Z] [unzip] else mkdir: C:\Users\Ahmed\.cache\firebase\emulators\ui-v1.15.0\client\assets\provider-icons
[debug] [2025-08-04T10:22:24.038Z] [unzip] deflating: C:\Users\Ahmed\.cache\firebase\emulators\ui-v1.15.0\client\assets\provider-icons\auth_service_play_games.svg
[debug] [2025-08-04T10:22:24.044Z] [unzip] Entry: client/assets/provider-icons/auth_service_email.svg (compressed_size=228 bytes, uncompressed_size=326 bytes)
[debug] [2025-08-04T10:22:24.044Z] [unzip] Processing entry: client\assets\provider-icons\auth_service_email.svg
[debug] [2025-08-04T10:22:24.044Z] [unzip] else mkdir: C:\Users\Ahmed\.cache\firebase\emulators\ui-v1.15.0\client\assets\provider-icons
[debug] [2025-08-04T10:22:24.045Z] [unzip] deflating: C:\Users\Ahmed\.cache\firebase\emulators\ui-v1.15.0\client\assets\provider-icons\auth_service_email.svg
[debug] [2025-08-04T10:22:24.050Z] [unzip] Entry: client/assets/provider-icons/auth_service_google.svg (compressed_size=409 bytes, uncompressed_size=720 bytes)
[debug] [2025-08-04T10:22:24.051Z] [unzip] Processing entry: client\assets\provider-icons\auth_service_google.svg
[debug] [2025-08-04T10:22:24.051Z] [unzip] else mkdir: C:\Users\Ahmed\.cache\firebase\emulators\ui-v1.15.0\client\assets\provider-icons
[debug] [2025-08-04T10:22:24.051Z] [unzip] deflating: C:\Users\Ahmed\.cache\firebase\emulators\ui-v1.15.0\client\assets\provider-icons\auth_service_google.svg
[debug] [2025-08-04T10:22:24.057Z] [unzip] Entry: client/assets/provider-icons/auth_service_oidc.svg (compressed_size=414 bytes, uncompressed_size=858 bytes)
[debug] [2025-08-04T10:22:24.058Z] [unzip] Processing entry: client\assets\provider-icons\auth_service_oidc.svg
[debug] [2025-08-04T10:22:24.058Z] [unzip] else mkdir: C:\Users\Ahmed\.cache\firebase\emulators\ui-v1.15.0\client\assets\provider-icons
[debug] [2025-08-04T10:22:24.058Z] [unzip] deflating: C:\Users\Ahmed\.cache\firebase\emulators\ui-v1.15.0\client\assets\provider-icons\auth_service_oidc.svg
[debug] [2025-08-04T10:22:24.065Z] [unzip] Entry: client/browserconfig.xml (compressed_size=491 bytes, uncompressed_size=822 bytes)
[debug] [2025-08-04T10:22:24.065Z] [unzip] Processing entry: client\browserconfig.xml
[debug] [2025-08-04T10:22:24.065Z] [unzip] else mkdir: C:\Users\Ahmed\.cache\firebase\emulators\ui-v1.15.0\client
[debug] [2025-08-04T10:22:24.066Z] [unzip] deflating: C:\Users\Ahmed\.cache\firebase\emulators\ui-v1.15.0\client\browserconfig.xml
[debug] [2025-08-04T10:22:24.071Z] [unzip] Entry: client/favicon-32x32.png (compressed_size=475 bytes, uncompressed_size=475 bytes)
[debug] [2025-08-04T10:22:24.071Z] [unzip] Processing entry: client\favicon-32x32.png
[debug] [2025-08-04T10:22:24.071Z] [unzip] else mkdir: C:\Users\Ahmed\.cache\firebase\emulators\ui-v1.15.0\client
[debug] [2025-08-04T10:22:24.072Z] [unzip] Writing file: C:\Users\Ahmed\.cache\firebase\emulators\ui-v1.15.0\client\favicon-32x32.png
[debug] [2025-08-04T10:22:24.074Z] [unzip] Entry: server/ (compressed_size=0 bytes, uncompressed_size=0 bytes)
[debug] [2025-08-04T10:22:24.075Z] [unzip] Processing entry: server\
[debug] [2025-08-04T10:22:24.075Z] [unzip] mkdir: C:\Users\Ahmed\.cache\firebase\emulators\ui-v1.15.0\server\
[debug] [2025-08-04T10:22:24.075Z] [unzip] Entry: server/server.mjs.map (compressed_size=217845 bytes, uncompressed_size=944978 bytes)
[debug] [2025-08-04T10:22:24.076Z] [unzip] Processing entry: server\server.mjs.map
[debug] [2025-08-04T10:22:24.076Z] [unzip] else mkdir: C:\Users\Ahmed\.cache\firebase\emulators\ui-v1.15.0\server
[debug] [2025-08-04T10:22:24.077Z] [unzip] deflating: C:\Users\Ahmed\.cache\firebase\emulators\ui-v1.15.0\server\server.mjs.map
[debug] [2025-08-04T10:22:24.099Z] [unzip] Entry: server/server.mjs (compressed_size=276407 bytes, uncompressed_size=933701 bytes)
[debug] [2025-08-04T10:22:24.099Z] [unzip] Processing entry: server\server.mjs
[debug] [2025-08-04T10:22:24.099Z] [unzip] else mkdir: C:\Users\Ahmed\.cache\firebase\emulators\ui-v1.15.0\server
[debug] [2025-08-04T10:22:24.100Z] [unzip] deflating: C:\Users\Ahmed\.cache\firebase\emulators\ui-v1.15.0\server\server.mjs
[info] i  functions: Watching "G:\ITI\Grad project\Mobile\Circle-mobile\functions" for Cloud Functions... {"metadata":{"emulator":{"name":"functions"},"message":"Watching \"G:\\ITI\\Grad project\\Mobile\\Circle-mobile\\functions\" for Cloud Functions..."}}
[debug] [2025-08-04T10:22:24.222Z] Validating nodejs source
[debug] [2025-08-04T10:22:26.579Z] > [functions] package.json contents: {
  "name": "functions",
  "description": "Cloud Functions for Firebase",
  "scripts": {
    "lint": "eslint .",
    "serve": "firebase emulators:start --only functions",
    "shell": "firebase functions:shell",
    "start": "npm run shell",
    "deploy": "firebase deploy --only functions",
    "logs": "firebase functions:log"
  },
  "engines": {
    "node": "22"
  },
  "main": "index.js",
  "dependencies": {
    "cloudinary": "^2.7.0",
    "firebase-admin": "^12.6.0",
    "firebase-functions": "^6.0.1"
  },
  "devDependencies": {
    "eslint": "^8.15.0",
    "eslint-config-google": "^0.14.0",
    "firebase-functions-test": "^3.1.0"
  },
  "private": true
}
[debug] [2025-08-04T10:22:26.580Z] Building nodejs source
[debug] [2025-08-04T10:22:26.581Z] Failed to find version of module node: reached end of search path G:\ITI\Grad project\Mobile\Circle-mobile\functions\node_modules
[info] +  functions: Using node@22 from host. 
[debug] [2025-08-04T10:22:26.586Z] Could not find functions.yaml. Must use http discovery
[debug] [2025-08-04T10:22:26.979Z] Found firebase-functions binary at 'G:\ITI\Grad project\Mobile\Circle-mobile\functions\node_modules\.bin\firebase-functions'
[info] Serving at port 8265

[error] TypeError: functions.pubsub.schedule is not a function
    at Object.<anonymous> (G:\ITI\Grad project\Mobile\Circle-mobile\functions\index.js:12:54)
    at Module._compile (node:internal/modules/cjs/loader:1730:14)
    at Object..js (node:internal/modules/cjs/loader:1895:10)
    at Module.load (node:internal/modules/cjs/loader:1465:32)
    at Function._load (node:internal/modules/cjs/loader:1282:12)
    at TracingChannel.traceSync (node:diagnostics_channel:322:14)
    at wrapModuleLoad (node:internal/modules/cjs/loader:235:24)
    at Module.require (node:internal/modules/cjs/loader:1487:12)
    at require (node:internal/modules/helpers:135:16)
    at loadModule (G:\ITI\Grad project\Mobile\Circle-mobile\functions\node_modules\firebase-functions\lib\runtime\loader.js:40:16)

[error] !!  functions: Failed to load function definition from source: FirebaseError: User code failed to load. Cannot determine backend specification. Timeout after 10000. See https://firebase.google.com/docs/functions/tips#avoid_deployment_timeouts_during_initialization' {"metadata":{"emulator":{"name":"functions"},"message":"Failed to load function definition from source: FirebaseError: User code failed to load. Cannot determine backend specification. Timeout after 10000. See https://firebase.google.com/docs/functions/tips#avoid_deployment_timeouts_during_initialization'"}}
[debug] [2025-08-04T10:22:41.552Z] Could not find VSCode notification endpoint: FetchError: request to http://localhost:40001/vscode/notify failed, reason: . If you are not running the Firebase Data Connect VSCode extension, this is expected and not an issue.
[info] 
┌─────────────────────────────────────────────────────────────┐
│ ✔  All emulators ready! It is now safe to connect your app. │
│ i  View Emulator UI at http://127.0.0.1:4000/               │
└─────────────────────────────────────────────────────────────┘

┌───────────┬────────────────┬─────────────────────────────────┐
│ Emulator  │ Host:Port      │ View in Emulator UI             │
├───────────┼────────────────┼─────────────────────────────────┤
│ Functions │ 127.0.0.1:5001 │ http://127.0.0.1:4000/functions │
└───────────┴────────────────┴─────────────────────────────────┘
  Emulator Hub host: 127.0.0.1 port: 4400
  Other reserved ports: 4501

Issues? Report them at https://github.com/firebase/firebase-tools/issues and attach the *-debug.log files.
 
